Finale Links: [
  { href: 'https://slot.pk/qCFfvBDmbSb', date: '2025-04-05' },
  { href: 'https://slot.pk/rfwK0RnmbSb', date: '2025-04-03' },
  { href: 'https://slot.pk/Aty1eldmbSb', date: '2025-04-02' },
  { href: 'https://slot.pk/4mTJuE5pbSb', date: '2025-04-01' },
  { href: 'https://slot.pk/tykCNIKNCRb', date: '2025-03-31' },
  { href: 'https://slot.pk/n8xlyqGLCRb', date: '2025-03-30' },
  { href: 'https://slot.pk/F6IoMbvv6Rb', date: '2025-03-29' },
  { href: 'https://slot.pk/BRVrE6sLCRb', date: '2025-03-29' },
  { href: 'https://slot.pk/od4NXSHm6Rb', date: '2025-03-28' },
  { href: 'https://slot.pk/Yl1pvIzs6Rb', date: '2025-03-28' },
  { href: 'https://slot.pk/ubE425wNCRb', date: '2025-03-27' },
  { href: 'https://slot.pk/GHjpyqYKCRb', date: '2025-03-26' },
  { href: 'https://slot.pk/WkZ3w9Fv1Rb', date: '2025-03-25' },
  { href: 'https://slot.pk/AZkpapPKCRb', date: '2025-03-25' },
  { href: 'https://slot.pk/KAQwUIAKCRb', date: '2025-03-25' },
  { href: 'https://slot.pk/VxyEDTkIURb', date: '2025-03-25' },
  { href: 'https://slot.pk/H8QKbHsKCRb', date: '2025-03-21' },
  { href: 'https://slot.pk/FKdG6KgKCRb', date: '2025-03-19' },
  { href: 'https://slot.pk/vG9d5mVWPRb', date: '2025-03-18' },
  { href: 'https://slot.pk/42kfnTdeJRb', date: '2025-03-18' },
  { href: 'https://slot.pk/IZkK5VQgORb', date: '2025-03-17' },
  { href: 'https://slot.pk/70AfNF5JCRb', date: '2025-03-17' },
  { href: 'https://slot.pk/L0HzNAucJRb', date: '2025-03-15' },
  { href: 'https://slot.pk/7F0fZ0FHsRb', date: '2025-03-15' },
  { href: 'https://slot.pk/PGpIEnJ7IRb', date: '2025-03-14' },
  { href: 'https://slot.pk/Nfhr7xhHsRb', date: '2025-03-14' },
  { href: 'https://slot.pk/EV75qFC2FRb', date: '2025-03-12' },
  { href: 'https://slot.pk/FLBmNtXGsRb', date: '2025-03-11' },
  { href: 'https://slot.pk/CjINOaOGsRb', date: '2025-03-10' },
  { href: 'https://slot.pk/ef6X0SKxxRb', date: '2025-03-09' },
  { href: 'https://slot.pk/p0kJvu8wxRb', date: '2025-03-07' },
  { href: 'https://slot.pk/wlBI4jxRvRb', date: '2025-03-06' },
  { href: 'https://slot.pk/x0b9w3CBfRb', date: '2025-03-06' },
  { href: 'https://slot.pk/X2H2OJrBfRb', date: '2025-03-05' },
  { href: 'https://slot.pk/8nekvtzMsRb', date: '2025-03-04' },
  { href: 'https://slot.pk/wsC67Cf2qRb', date: '2025-03-03' },
  { href: 'https://slot.pk/iiP7jahBfRb', date: '2025-03-03' },
  { href: 'https://slot.pk/6OvzIavAfRb', date: '2025-03-02' },
  { href: 'https://slot.pk/JkIZ2hiWlRb', date: '2025-02-28' },
  { href: 'https://slot.pk/FMD2ug9lSQb', date: '2025-02-28' },
  { href: 'https://slot.pk/cuJnnpoekRb', date: '2025-02-27' },
  { href: 'https://slot.pk/H4inqcXlSQb', date: '2025-02-26' },
  { href: 'https://slot.pk/4msKLs96gRb', date: '2025-02-26' },
  { href: 'https://slot.pk/07FhcjNlSQb', date: '2025-02-25' },
  { href: 'https://slot.pk/uwItMp2efRb', date: '2025-02-24' },
  { href: 'https://slot.pk/B2BcAa1laRb', date: '2025-02-22' },
  { href: 'https://slot.pk/2DbE2IgeSQb', date: '2025-02-22' },
  { href: 'https://slot.pk/BvTj5a0kaRb', date: '2025-02-21' },
  { href: 'https://slot.pk/UpjaeNTdSQb', date: '2025-02-20' },
  { href: 'https://slot.pk/Wntw1HJdSQb', date: '2025-02-19' },
  { href: 'https://slot.pk/vExz2bHJ3Qb', date: '2025-02-17' },
  { href: 'https://slot.pk/faSY328cSQb', date: '2025-02-17' },
  { href: 'https://slot.pk/3fFx3GtJwQb', date: '2025-02-16' },
  { href: 'https://slot.pk/PxVvnZMJYQb', date: '2025-02-15' },
  { href: 'https://slot.pk/XA5rPrGKYQb', date: '2025-02-14' },
  { href: 'https://slot.pk/J3zN6tevGQb', date: '2025-02-14' },
  { href: 'https://slot.pk/q5j3HxroVQb', date: '2025-02-12' },
  { href: 'https://slot.pk/HXkm77cJwQb', date: '2025-02-12' },
  { href: 'https://slot.pk/1LLhsZWCTQb', date: '2025-02-11' },
  { href: 'https://slot.pk/9kU0P1SJwQb', date: '2025-02-10' },
  { href: 'https://slot.pk/AoUBSoVIwQb', date: '2025-02-10' },
  { href: 'https://slot.pk/c7QPrwveNQb', date: '2025-02-08' },
  { href: 'https://slot.pk/LjEZZT1uGQb', date: '2025-02-08' },
  { href: 'https://slot.pk/Ge5wsol6MQb', date: '2025-02-07' },
  { href: 'https://slot.pk/6ep9gxVVuQb', date: '2025-02-07' },
  { href: 'https://slot.pk/zE6r22lHLQb', date: '2025-02-06' },
  { href: 'https://slot.pk/gVRjztHVuQb', date: '2025-02-05' },
  { href: 'https://slot.pk/AtvZ27IkIQb', date: '2025-02-04' },
  { href: 'https://slot.pk/QjLAYxvVuQb', date: '2025-02-04' },
  { href: 'https://slot.pk/qmFm2WzijQb', date: '2025-02-02' },
  { href: 'https://slot.pk/hLhF5LXxBQb', date: '2025-02-01' },
  { href: 'https://slot.pk/bJTsfmWwBQb', date: '2025-01-31' },
  { href: 'https://slot.pk/jVNH72PE7Pb', date: '2025-01-31' },
  { href: 'https://slot.pk/gK4Dhf1gyQb', date: '2025-01-30' },
  { href: 'https://slot.pk/DvXoqwUxwQb', date: '2025-01-28' },
  { href: 'https://slot.pk/dcsnnLEE7Pb', date: '2025-01-27' },
  { href: 'https://slot.pk/EHg47NPSpQb', date: '2025-01-25' },
  { href: 'https://slot.pk/pTiiE2sE7Pb', date: '2025-01-25' },
  { href: 'https://slot.pk/gp7AYTjKpQb', date: '2025-01-24' },
  { href: 'https://slot.pk/3zGaXZyC7Pb', date: '2025-01-24' },
  { href: 'https://slot.pk/Z3oDDBRB7Pb', date: '2025-01-22' },
  { href: 'https://slot.pk/96rQoLOumQb', date: '2025-01-22' },
  { href: 'https://slot.pk/hM3uh4E4kQb', date: '2025-01-21' },
  { href: 'https://slot.pk/DTsMbQ3B7Pb', date: '2025-01-21' },
  { href: 'https://slot.pk/HVt857vfjQb', date: '2025-01-20' },
  { href: 'https://slot.pk/eYddspuoZPb', date: '2025-01-19' },
  { href: 'https://slot.pk/VXSX6d7eeQb', date: '2025-01-19' },
  { href: 'https://slot.pk/b18Jil8ceQb', date: '2025-01-19' },
  { href: 'https://slot.pk/Z1uDFSfoZPb', date: '2025-01-19' },
  { href: 'https://slot.pk/9RLUZXm1aQb', date: '2025-01-19' },
  { href: 'https://slot.pk/p8VT2lTisPb', date: '2025-01-19' },
  { href: 'https://slot.pk/Nc9K63ul9Pb', date: '2025-01-19' },
  { href: 'https://slot.pk/GIEUauIisPb', date: '2025-01-19' },
  { href: 'https://slot.pk/SMdjCyhisPb', date: '2025-01-19' },
  { href: 'https://slot.pk/mfgKRmyD2Pb', date: '2025-01-19' },
  { href: 'https://slot.pk/vZgLAhW2oPb', date: '2025-01-19' },
  { href: 'https://slot.pk/Ct96HlC2oPb', date: '2025-01-19' },
  { href: 'https://slot.pk/xcG11HKkZPb', date: '2025-01-19' },
  { href: 'https://slot.pk/mBL2O4dKXPb', date: '2025-01-19' },
  { href: 'https://slot.pk/KVs2gCq2oPb', date: '2025-01-19' }
]
HTML-Datei wurde gespeichert unter _includes/slotpark.html
