Finale Links: [
  { href: 'https://wsopga.me/4EDkGY', date: '2025-03-29' },
  {
    href: 'https://wsopga.me/redeem?promoCode=60BB243D-5020-44C8-A7B2-DEFA35A8A885',
    date: '2025-03-29'
  },
  { href: 'https://wsopga.me/aOPL4v', date: '2025-03-29' },
  {
    href: 'https://wsopga.me/redeem?promoCode=EBDD7853-64CE-482F-A9C0-99FCF31983DC',
    date: '2025-03-29'
  },
  { href: 'https://wsopga.me/qzLJvk', date: '2025-03-29' },
  { href: 'https://wsopga.me/qzLRA7', date: '2025-03-29' },
  { href: 'https://wsopga.me/wmEvRj', date: '2025-03-29' },
  { href: 'https://wsopga.me/wmEkbV', date: '2025-03-29' },
  { href: 'https://wsopga.me/V1mbPZ', date: '2025-03-29' },
  { href: 'https://wsopga.me/0K9Pw7', date: '2025-03-29' },
  { href: 'https://wsopga.me/aOPoJ0', date: '2025-03-29' },
  { href: 'https://wsopga.me/KbB3L2', date: '2025-03-29' },
  { href: 'https://wsopga.me/wmEkQR', date: '2025-03-29' },
  { href: 'https://wsopga.me/GZem4E', date: '2025-03-29' },
  { href: 'https://wsopga.me/qzLRkW', date: '2025-03-29' },
  { href: 'https://wsopga.me/o8GJn5', date: '2025-03-29' },
  { href: 'https://wsopga.me/80mVze', date: '2025-03-29' },
  { href: 'https://wsopga.me/eePQV3', date: '2025-03-29' },
  { href: 'https://wsopga.me/2VOQzO', date: '2025-03-29' },
  { href: 'https://wsopga.me/V1m5ev', date: '2025-03-29' },
  { href: 'https://wsopga.me/V1mb7N', date: '2025-03-29' },
  { href: 'https://wsopga.me/0K9PK6', date: '2025-03-29' },
  { href: 'https://wsopga.me/2VOWVz', date: '2025-03-29' },
  { href: 'https://wsopga.me/GZemkB', date: '2025-03-29' },
  { href: 'https://wsopga.me/o8GJ8G', date: '2025-03-29' },
  { href: 'https://wsopga.me/eePQe9', date: '2025-03-29' },
  { href: 'https://wsopga.me/V1m513', date: '2025-03-29' },
  { href: 'https://wsopga.me/wmEvQA', date: '2025-03-29' },
  { href: 'https://wsopga.me/aOPAXJ', date: '2025-03-29' },
  { href: 'https://wsopga.me/2VOWXO', date: '2025-03-29' },
  { href: 'https://wsopga.me/80m86g', date: '2025-03-29' },
  { href: 'https://wsopga.me/80m87b', date: '2025-03-27' },
  { href: 'https://wsopga.me/wmEvDX', date: '2025-03-27' },
  { href: 'https://wsopga.me/4ED5ze', date: '2025-03-27' },
  { href: 'https://wsopga.me/KbB6av', date: '2025-03-27' },
  { href: 'https://wsopga.me/dewJn7', date: '2025-03-27' },
  { href: 'https://wsopga.me/E5Bn1P', date: '2025-03-27' },
  {
    href: 'https://wsopga.me/redeem?promoCode=CD38F8EA-9934-4826-B625-BDC6B4C6F111',
    date: '2025-03-28'
  },
  { href: 'https://wsopga.me/V1m5Dw', date: '2025-03-28' },
  { href: 'https://wsopga.me/dewJXA', date: '2025-03-28' },
  {
    href: 'https://wsopga.me/redeem?promoCode=16F3C5C9-1B7B-4242-B104-60496616DE4A',
    date: '2025-03-28'
  },
  { href: 'https://wsopga.me/eePoBq', date: '2025-03-28' },
  { href: 'https://wsopga.me/80mVJv', date: '2025-03-28' },
  { href: 'https://wsopga.me/2VO2q9', date: '2025-03-28' },
  { href: 'https://wsopga.me/2VOQDg', date: '2025-03-28' },
  { href: 'https://wsopga.me/0K9nYZ', date: '2025-03-28' },
  { href: 'https://wsopga.me/dewkm7', date: '2025-03-28' },
  { href: 'https://wsopga.me/0K9bKj', date: '2025-03-28' },
  { href: 'https://wsopga.me/56d1Dj', date: '2025-03-28' },
  { href: 'https://wsopga.me/V1mw1w', date: '2025-03-28' },
  { href: 'https://wsopga.me/jZ8Jg0', date: '2025-03-28' },
  { href: 'https://wsopga.me/eePneg', date: '2025-03-28' },
  { href: 'https://wsopga.me/0K9PpZ', date: '2025-03-28' },
  { href: 'https://wsopga.me/2VOQXk', date: '2025-03-28' },
  { href: 'https://wsopga.me/80m8AR', date: '2025-03-28' },
  { href: 'https://wsopga.me/80mV2p', date: '2025-03-28' },
  { href: 'https://wsopga.me/R10Wgq', date: '2025-03-28' },
  { href: 'https://wsopga.me/kz5o62', date: '2025-03-28' },
  { href: 'https://wsopga.me/D3ngNv', date: '2025-03-28' },
  { href: 'https://wsopga.me/4ED5pD', date: '2025-03-28' },
  { href: 'https://wsopga.me/56dGX8', date: '2025-03-27' },
  { href: 'https://wsopga.me/dewJ5v', date: '2025-03-27' },
  { href: 'https://wsopga.me/D3nwo5', date: '2025-03-27' },
  { href: 'https://wsopga.me/E5BNoV', date: '2025-03-27' },
  { href: 'https://wsopga.me/O1PXNp', date: '2025-03-27' },
  { href: 'https://wsopga.me/jZ8Jwg', date: '2025-03-27' },
  { href: 'https://wsopga.me/E5BNoY', date: '2025-03-27' },
  { href: 'https://wsopga.me/qzLebR', date: '2025-03-27' },
  { href: 'https://wsopga.me/R10X9N', date: '2025-03-27' },
  { href: 'https://wsopga.me/o8GoDE', date: '2025-03-27' },
  { href: 'https://wsopga.me/GZe2a3', date: '2025-03-27' },
  { href: 'https://wsopga.me/0K9bQL', date: '2025-03-27' },
  { href: 'https://wsopga.me/dewkqX', date: '2025-03-27' },
  { href: 'https://wsopga.me/V1mw43', date: '2025-03-27' },
  { href: 'https://wsopga.me/56d1Y4', date: '2025-03-27' },
  { href: 'https://wsopga.me/80mdYR', date: '2025-03-27' },
  { href: 'https://wsopga.me/2VO3eb', date: '2025-03-27' },
  { href: 'https://wsopga.me/2VO5Jb', date: '2025-03-27' },
  { href: 'https://wsopga.me/0K95eM', date: '2025-03-27' },
  { href: 'https://wsopga.me/KbB6vp', date: '2025-03-27' },
  { href: 'https://wsopga.me/qzLR3D', date: '2025-03-27' },
  { href: 'https://wsopga.me/4ED5jz', date: '2025-03-27' },
  { href: 'https://wsopga.me/V1m5QA', date: '2025-03-27' },
  { href: 'https://wsopga.me/eePQqG', date: '2025-03-27' },
  { href: 'https://wsopga.me/o8GJP3', date: '2025-03-27' },
  { href: 'https://wsopga.me/V1mb7v', date: '2025-03-27' },
  { href: 'https://wsopga.me/eePo93', date: '2025-03-27' },
  { href: 'https://wsopga.me/3LZqz6', date: '2025-03-27' },
  { href: 'https://wsopga.me/nkbo0N', date: '2025-03-27' },
  { href: 'https://wsopga.me/aOPokP', date: '2025-03-27' },
  { href: 'https://wsopga.me/E5BnZV', date: '2025-03-26' },
  { href: 'https://wsopga.me/jZ8oBg', date: '2025-03-26' },
  { href: 'https://wsopga.me/aOPA2a', date: '2025-03-26' },
  { href: 'https://wsopga.me/nkbJVR', date: '2025-03-26' },
  { href: 'https://wsopga.me/3LZO3n', date: '2025-03-26' },
  { href: 'https://wsopga.me/R10nNX', date: '2025-03-26' },
  { href: 'https://wsopga.me/kz5JNX', date: '2025-03-26' },
  { href: 'https://wsopga.me/jZ8ob0', date: '2025-03-26' },
  { href: 'https://wsopga.me/56dG4j', date: '2025-03-26' },
  { href: 'https://wsopga.me/aOPYKP', date: '2025-03-26' }
]
HTML-Datei wurde gespeichert unter _includes/wsop.html
